# JRE version: Java(TM) SE Runtime Environment (8.0_77-b03) (build 1.8.0_77-b03)
# Java VM: Java HotSpot(TM) 64-Bit Server VM (25.77-b03 mixed mode windows-amd64 compressed oops)
Heap:
 PSYoungGen      total 35328K, used 4161K [0x00000000eb380000, 0x00000000f1080000, 0x0000000100000000)
  eden space 32768K, 12% used [0x00000000eb380000,0x00000000eb790628,0x00000000ed380000)
  from space 2560K, 0% used [0x00000000ed380000,0x00000000ed380000,0x00000000ed600000)
  to   space 14848K, 0% used [0x00000000f0200000,0x00000000f0200000,0x00000000f1080000)
 ParOldGen       total 65024K, used 23443K [0x00000000c1a00000, 0x00000000c5980000, 0x00000000eb380000)
  object space 65024K, 36% used [0x00000000c1a00000,0x00000000c30e4cf0,0x00000000c5980000)
 Metaspace       used 19763K, capacity 21334K, committed 21504K, reserved 1067008K
  class space    used 2963K, capacity 3245K, committed 3328K, reserved 1048576K
GC Heap History (10 events):
Event: 1.677 GC heap before
{Heap before GC invocations=2 (full 0):
 PSYoungGen      total 18944K, used 18930K [0x00000000eb380000, 0x00000000ec880000, 0x0000000100000000)
  eden space 16384K, 100% used [0x00000000eb380000,0x00000000ec380000,0x00000000ec380000)
  from space 2560K, 99% used [0x00000000ec380000,0x00000000ec5fc8d0,0x00000000ec600000)
  to   space 2560K, 0% used [0x00000000ec600000,0x00000000ec600000,0x00000000ec880000)
 ParOldGen       total 44032K, used 72K [0x00000000c1a00000, 0x00000000c4500000, 0x00000000eb380000)
  object space 44032K, 0% used [0x00000000c1a00000,0x00000000c1a12000,0x00000000c4500000)
 Metaspace       used 15480K, capacity 16528K, committed 16640K, reserved 1062912K
  class space    used 2323K, capacity 2559K, committed 2560K, reserved 1048576K
Event: 1.687 GC heap after
Heap after GC invocations=2 (full 0):
 PSYoungGen      total 18944K, used 2546K [0x00000000eb380000, 0x00000000ec880000, 0x0000000100000000)
  eden space 16384K, 0% used [0x00000000eb380000,0x00000000eb380000,0x00000000ec380000)
  from space 2560K, 99% used [0x00000000ec600000,0x00000000ec87c8d0,0x00000000ec880000)
  to   space 2560K, 0% used [0x00000000ec380000,0x00000000ec380000,0x00000000ec600000)
 ParOldGen       total 44032K, used 2490K [0x00000000c1a00000, 0x00000000c4500000, 0x00000000eb380000)
  object space 44032K, 5% used [0x00000000c1a00000,0x00000000c1c6e820,0x00000000c4500000)
 Metaspace       used 15480K, capacity 16528K, committed 16640K, reserved 1062912K
  class space    used 2323K, capacity 2559K, committed 2560K, reserved 1048576K
}
Event: 2.068 GC heap before
{Heap before GC invocations=3 (full 0):
 PSYoungGen      total 18944K, used 14776K [0x00000000eb380000, 0x00000000ec880000, 0x0000000100000000)
  eden space 16384K, 74% used [0x00000000eb380000,0x00000000ebf71a40,0x00000000ec380000)
  from space 2560K, 99% used [0x00000000ec600000,0x00000000ec87c8d0,0x00000000ec880000)
  to   space 2560K, 0% used [0x00000000ec380000,0x00000000ec380000,0x00000000ec600000)
 ParOldGen       total 44032K, used 2490K [0x00000000c1a00000, 0x00000000c4500000, 0x00000000eb380000)
  object space 44032K, 5% used [0x00000000c1a00000,0x00000000c1c6e820,0x00000000c4500000)
 Metaspace       used 16952K, capacity 18248K, committed 18304K, reserved 1064960K
  class space    used 2646K, capacity 2907K, committed 2944K, reserved 1048576K
Event: 2.080 GC heap after
Heap after GC invocations=3 (full 0):
 PSYoungGen      total 18944K, used 2547K [0x00000000eb380000, 0x00000000ed880000, 0x0000000100000000)
  eden space 16384K, 0% used [0x00000000eb380000,0x00000000eb380000,0x00000000ec380000)
  from space 2560K, 99% used [0x00000000ec380000,0x00000000ec5fcc70,0x00000000ec600000)
  to   space 2560K, 0% used [0x00000000ed600000,0x00000000ed600000,0x00000000ed880000)
 ParOldGen       total 44032K, used 9148K [0x00000000c1a00000, 0x00000000c4500000, 0x00000000eb380000)
  object space 44032K, 20% used [0x00000000c1a00000,0x00000000c22ef068,0x00000000c4500000)
 Metaspace       used 16952K, capacity 18248K, committed 18304K, reserved 1064960K
  class space    used 2646K, capacity 2907K, committed 2944K, reserved 1048576K
}
Event: 4.214 GC heap before
{Heap before GC invocations=4 (full 0):
 PSYoungGen      total 18944K, used 18931K [0x00000000eb380000, 0x00000000ed880000, 0x0000000100000000)
  eden space 16384K, 100% used [0x00000000eb380000,0x00000000ec380000,0x00000000ec380000)
  from space 2560K, 99% used [0x00000000ec380000,0x00000000ec5fcc70,0x00000000ec600000)
  to   space 2560K, 0% used [0x00000000ed600000,0x00000000ed600000,0x00000000ed880000)
 ParOldGen       total 44032K, used 9148K [0x00000000c1a00000, 0x00000000c4500000, 0x00000000eb380000)
  object space 44032K, 20% used [0x00000000c1a00000,0x00000000c22ef068,0x00000000c4500000)
 Metaspace       used 18968K, capacity 20430K, committed 20608K, reserved 1067008K
  class space    used 2897K, capacity 3192K, committed 3200K, reserved 1048576K
Event: 4.229 GC heap after
Heap after GC invocations=4 (full 0):
 PSYoungGen      total 35328K, used 2547K [0x00000000eb380000, 0x00000000ed880000, 0x0000000100000000)
  eden space 32768K, 0% used [0x00000000eb380000,0x00000000eb380000,0x00000000ed380000)
  from space 2560K, 99% used [0x00000000ed600000,0x00000000ed87cc70,0x00000000ed880000)
  to   space 2560K, 0% used [0x00000000ed380000,0x00000000ed380000,0x00000000ed600000)
 ParOldGen       total 44032K, used 19660K [0x00000000c1a00000, 0x00000000c4500000, 0x00000000eb380000)
  object space 44032K, 44% used [0x00000000c1a00000,0x00000000c2d333d8,0x00000000c4500000)
 Metaspace       used 18968K, capacity 20430K, committed 20608K, reserved 1067008K
  class space    used 2897K, capacity 3192K, committed 3200K, reserved 1048576K
}
Event: 5.998 GC heap before
{Heap before GC invocations=5 (full 0):
 PSYoungGen      total 35328K, used 14377K [0x00000000eb380000, 0x00000000ed880000, 0x0000000100000000)
  eden space 32768K, 36% used [0x00000000eb380000,0x00000000ebf0db78,0x00000000ed380000)
  from space 2560K, 99% used [0x00000000ed600000,0x00000000ed87cc70,0x00000000ed880000)
  to   space 2560K, 0% used [0x00000000ed380000,0x00000000ed380000,0x00000000ed600000)
 ParOldGen       total 44032K, used 19660K [0x00000000c1a00000, 0x00000000c4500000, 0x00000000eb380000)
  object space 44032K, 44% used [0x00000000c1a00000,0x00000000c2d333d8,0x00000000c4500000)
 Metaspace       used 19626K, capacity 21142K, committed 21248K, reserved 1067008K
  class space    used 2959K, capacity 3245K, committed 3328K, reserved 1048576K
Event: 6.016 GC heap after
Heap after GC invocations=5 (full 0):
 PSYoungGen      total 35328K, used 2547K [0x00000000eb380000, 0x00000000f1080000, 0x0000000100000000)
  eden space 32768K, 0% used [0x00000000eb380000,0x00000000eb380000,0x00000000ed380000)
  from space 2560K, 99% used [0x00000000ed380000,0x00000000ed5fcc70,0x00000000ed600000)
  to   space 14848K, 0% used [0x00000000f0200000,0x00000000f0200000,0x00000000f1080000)
 ParOldGen       total 44032K, used 21469K [0x00000000c1a00000, 0x00000000c4500000, 0x00000000eb380000)
  object space 44032K, 48% used [0x00000000c1a00000,0x00000000c2ef7408,0x00000000c4500000)
 Metaspace       used 19626K, capacity 21142K, committed 21248K, reserved 1067008K
  class space    used 2959K, capacity 3245K, committed 3328K, reserved 1048576K
}
Event: 6.016 GC heap before
{Heap before GC invocations=6 (full 1):
 PSYoungGen      total 35328K, used 2547K [0x00000000eb380000, 0x00000000f1080000, 0x0000000100000000)
  eden space 32768K, 0% used [0x00000000eb380000,0x00000000eb380000,0x00000000ed380000)
  from space 2560K, 99% used [0x00000000ed380000,0x00000000ed5fcc70,0x00000000ed600000)
  to   space 14848K, 0% used [0x00000000f0200000,0x00000000f0200000,0x00000000f1080000)
 ParOldGen       total 44032K, used 21469K [0x00000000c1a00000, 0x00000000c4500000, 0x00000000eb380000)
  object space 44032K, 48% used [0x00000000c1a00000,0x00000000c2ef7408,0x00000000c4500000)
 Metaspace       used 19626K, capacity 21142K, committed 21248K, reserved 1067008K
  class space    used 2959K, capacity 3245K, committed 3328K, reserved 1048576K
Event: 6.241 GC heap after
Heap after GC invocations=6 (full 1):
 PSYoungGen      total 35328K, used 0K [0x00000000eb380000, 0x00000000f1080000, 0x0000000100000000)
  eden space 32768K, 0% used [0x00000000eb380000,0x00000000eb380000,0x00000000ed380000)
  from space 2560K, 0% used [0x00000000ed380000,0x00000000ed380000,0x00000000ed600000)
  to   space 14848K, 0% used [0x00000000f0200000,0x00000000f0200000,0x00000000f1080000)
 ParOldGen       total 65024K, used 23443K [0x00000000c1a00000, 0x00000000c5980000, 0x00000000eb380000)
  object space 65024K, 36% used [0x00000000c1a00000,0x00000000c30e4cf0,0x00000000c5980000)
 Metaspace       used 19626K, capacity 21142K, committed 21248K, reserved 1067008K
  class space    used 2959K, capacity 3245K, committed 3328K, reserved 1048576K
}

