# JRE version: Java(TM) SE Runtime Environment (8.0_77-b03) (build 1.8.0_77-b03)
# Java VM: Java HotSpot(TM) 64-Bit Server VM (25.77-b03 mixed mode windows-amd64 compressed oops)
Heap:
 PSYoungGen      total 35328K, used 928K [0x00000000eb380000, 0x00000000f0f80000, 0x0000000100000000)
  eden space 32768K, 2% used [0x00000000eb380000,0x00000000eb468108,0x00000000ed380000)
  from space 2560K, 0% used [0x00000000ed380000,0x00000000ed380000,0x00000000ed600000)
  to   space 14336K, 0% used [0x00000000f0180000,0x00000000f0180000,0x00000000f0f80000)
 ParOldGen       total 65024K, used 24238K [0x00000000c1a00000, 0x00000000c5980000, 0x00000000eb380000)
  object space 65024K, 37% used [0x00000000c1a00000,0x00000000c31aba68,0x00000000c5980000)
 Metaspace       used 19713K, capacity 21278K, committed 21504K, reserved 1067008K
  class space    used 2963K, capacity 3245K, committed 3328K, reserved 1048576K
GC Heap History (10 events):
Event: 1.351 GC heap before
{Heap before GC invocations=2 (full 0):
 PSYoungGen      total 18944K, used 18930K [0x00000000eb380000, 0x00000000ec880000, 0x0000000100000000)
  eden space 16384K, 100% used [0x00000000eb380000,0x00000000ec380000,0x00000000ec380000)
  from space 2560K, 99% used [0x00000000ec380000,0x00000000ec5fc8d0,0x00000000ec600000)
  to   space 2560K, 0% used [0x00000000ec600000,0x00000000ec600000,0x00000000ec880000)
 ParOldGen       total 44032K, used 72K [0x00000000c1a00000, 0x00000000c4500000, 0x00000000eb380000)
  object space 44032K, 0% used [0x00000000c1a00000,0x00000000c1a12000,0x00000000c4500000)
 Metaspace       used 15488K, capacity 16528K, committed 16640K, reserved 1062912K
  class space    used 2323K, capacity 2559K, committed 2560K, reserved 1048576K
Event: 1.359 GC heap after
Heap after GC invocations=2 (full 0):
 PSYoungGen      total 18944K, used 2530K [0x00000000eb380000, 0x00000000ec880000, 0x0000000100000000)
  eden space 16384K, 0% used [0x00000000eb380000,0x00000000eb380000,0x00000000ec380000)
  from space 2560K, 98% used [0x00000000ec600000,0x00000000ec8788c0,0x00000000ec880000)
  to   space 2560K, 0% used [0x00000000ec380000,0x00000000ec380000,0x00000000ec600000)
 ParOldGen       total 44032K, used 2578K [0x00000000c1a00000, 0x00000000c4500000, 0x00000000eb380000)
  object space 44032K, 5% used [0x00000000c1a00000,0x00000000c1c84840,0x00000000c4500000)
 Metaspace       used 15488K, capacity 16528K, committed 16640K, reserved 1062912K
  class space    used 2323K, capacity 2559K, committed 2560K, reserved 1048576K
}
Event: 1.664 GC heap before
{Heap before GC invocations=3 (full 0):
 PSYoungGen      total 18944K, used 14721K [0x00000000eb380000, 0x00000000ec880000, 0x0000000100000000)
  eden space 16384K, 74% used [0x00000000eb380000,0x00000000ebf67ce8,0x00000000ec380000)
  from space 2560K, 98% used [0x00000000ec600000,0x00000000ec8788c0,0x00000000ec880000)
  to   space 2560K, 0% used [0x00000000ec380000,0x00000000ec380000,0x00000000ec600000)
 ParOldGen       total 44032K, used 2578K [0x00000000c1a00000, 0x00000000c4500000, 0x00000000eb380000)
  object space 44032K, 5% used [0x00000000c1a00000,0x00000000c1c84840,0x00000000c4500000)
 Metaspace       used 16948K, capacity 18184K, committed 18304K, reserved 1064960K
  class space    used 2647K, capacity 2907K, committed 2944K, reserved 1048576K
Event: 1.673 GC heap after
Heap after GC invocations=3 (full 0):
 PSYoungGen      total 18944K, used 2542K [0x00000000eb380000, 0x00000000ed880000, 0x0000000100000000)
  eden space 16384K, 0% used [0x00000000eb380000,0x00000000eb380000,0x00000000ec380000)
  from space 2560K, 99% used [0x00000000ec380000,0x00000000ec5fb9e0,0x00000000ec600000)
  to   space 2560K, 0% used [0x00000000ed600000,0x00000000ed600000,0x00000000ed880000)
 ParOldGen       total 44032K, used 9172K [0x00000000c1a00000, 0x00000000c4500000, 0x00000000eb380000)
  object space 44032K, 20% used [0x00000000c1a00000,0x00000000c22f52c8,0x00000000c4500000)
 Metaspace       used 16948K, capacity 18184K, committed 18304K, reserved 1064960K
  class space    used 2647K, capacity 2907K, committed 2944K, reserved 1048576K
}
Event: 3.064 GC heap before
{Heap before GC invocations=4 (full 0):
 PSYoungGen      total 18944K, used 18926K [0x00000000eb380000, 0x00000000ed880000, 0x0000000100000000)
  eden space 16384K, 100% used [0x00000000eb380000,0x00000000ec380000,0x00000000ec380000)
  from space 2560K, 99% used [0x00000000ec380000,0x00000000ec5fb9e0,0x00000000ec600000)
  to   space 2560K, 0% used [0x00000000ed600000,0x00000000ed600000,0x00000000ed880000)
 ParOldGen       total 44032K, used 9172K [0x00000000c1a00000, 0x00000000c4500000, 0x00000000eb380000)
  object space 44032K, 20% used [0x00000000c1a00000,0x00000000c22f52c8,0x00000000c4500000)
 Metaspace       used 19012K, capacity 20494K, committed 20608K, reserved 1067008K
  class space    used 2898K, capacity 3192K, committed 3200K, reserved 1048576K
Event: 3.078 GC heap after
Heap after GC invocations=4 (full 0):
 PSYoungGen      total 35328K, used 2530K [0x00000000eb380000, 0x00000000ed880000, 0x0000000100000000)
  eden space 32768K, 0% used [0x00000000eb380000,0x00000000eb380000,0x00000000ed380000)
  from space 2560K, 98% used [0x00000000ed600000,0x00000000ed8788c0,0x00000000ed880000)
  to   space 2560K, 0% used [0x00000000ed380000,0x00000000ed380000,0x00000000ed600000)
 ParOldGen       total 44032K, used 19689K [0x00000000c1a00000, 0x00000000c4500000, 0x00000000eb380000)
  object space 44032K, 44% used [0x00000000c1a00000,0x00000000c2d3a7b8,0x00000000c4500000)
 Metaspace       used 19012K, capacity 20494K, committed 20608K, reserved 1067008K
  class space    used 2898K, capacity 3192K, committed 3200K, reserved 1048576K
}
Event: 4.554 GC heap before
{Heap before GC invocations=5 (full 0):
 PSYoungGen      total 35328K, used 17137K [0x00000000eb380000, 0x00000000ed880000, 0x0000000100000000)
  eden space 32768K, 44% used [0x00000000eb380000,0x00000000ec1c3c48,0x00000000ed380000)
  from space 2560K, 98% used [0x00000000ed600000,0x00000000ed8788c0,0x00000000ed880000)
  to   space 2560K, 0% used [0x00000000ed380000,0x00000000ed380000,0x00000000ed600000)
 ParOldGen       total 44032K, used 19689K [0x00000000c1a00000, 0x00000000c4500000, 0x00000000eb380000)
  object space 44032K, 44% used [0x00000000c1a00000,0x00000000c2d3a7b8,0x00000000c4500000)
 Metaspace       used 19643K, capacity 21150K, committed 21248K, reserved 1067008K
  class space    used 2960K, capacity 3245K, committed 3328K, reserved 1048576K
Event: 4.566 GC heap after
Heap after GC invocations=5 (full 0):
 PSYoungGen      total 35328K, used 2530K [0x00000000eb380000, 0x00000000f0f80000, 0x0000000100000000)
  eden space 32768K, 0% used [0x00000000eb380000,0x00000000eb380000,0x00000000ed380000)
  from space 2560K, 98% used [0x00000000ed380000,0x00000000ed5f88b0,0x00000000ed600000)
  to   space 14336K, 0% used [0x00000000f0180000,0x00000000f0180000,0x00000000f0f80000)
 ParOldGen       total 44032K, used 22250K [0x00000000c1a00000, 0x00000000c4500000, 0x00000000eb380000)
  object space 44032K, 50% used [0x00000000c1a00000,0x00000000c2fba808,0x00000000c4500000)
 Metaspace       used 19643K, capacity 21150K, committed 21248K, reserved 1067008K
  class space    used 2960K, capacity 3245K, committed 3328K, reserved 1048576K
}
Event: 4.566 GC heap before
{Heap before GC invocations=6 (full 1):
 PSYoungGen      total 35328K, used 2530K [0x00000000eb380000, 0x00000000f0f80000, 0x0000000100000000)
  eden space 32768K, 0% used [0x00000000eb380000,0x00000000eb380000,0x00000000ed380000)
  from space 2560K, 98% used [0x00000000ed380000,0x00000000ed5f88b0,0x00000000ed600000)
  to   space 14336K, 0% used [0x00000000f0180000,0x00000000f0180000,0x00000000f0f80000)
 ParOldGen       total 44032K, used 22250K [0x00000000c1a00000, 0x00000000c4500000, 0x00000000eb380000)
  object space 44032K, 50% used [0x00000000c1a00000,0x00000000c2fba808,0x00000000c4500000)
 Metaspace       used 19643K, capacity 21150K, committed 21248K, reserved 1067008K
  class space    used 2960K, capacity 3245K, committed 3328K, reserved 1048576K
Event: 4.724 GC heap after
Heap after GC invocations=6 (full 1):
 PSYoungGen      total 35328K, used 0K [0x00000000eb380000, 0x00000000f0f80000, 0x0000000100000000)
  eden space 32768K, 0% used [0x00000000eb380000,0x00000000eb380000,0x00000000ed380000)
  from space 2560K, 0% used [0x00000000ed380000,0x00000000ed380000,0x00000000ed600000)
  to   space 14336K, 0% used [0x00000000f0180000,0x00000000f0180000,0x00000000f0f80000)
 ParOldGen       total 65024K, used 24238K [0x00000000c1a00000, 0x00000000c5980000, 0x00000000eb380000)
  object space 65024K, 37% used [0x00000000c1a00000,0x00000000c31aba68,0x00000000c5980000)
 Metaspace       used 19643K, capacity 21150K, committed 21248K, reserved 1067008K
  class space    used 2960K, capacity 3245K, committed 3328K, reserved 1048576K
}

