# JRE version: Java(TM) SE Runtime Environment (8.0_77-b03) (build 1.8.0_77-b03)
# Java VM: Java HotSpot(TM) 64-Bit Server VM (25.77-b03 mixed mode windows-amd64 compressed oops)
Heap:
 PSYoungGen      total 68096K, used 7441K [0x00000000eb380000, 0x00000000ef880000, 0x0000000100000000)
  eden space 65536K, 11% used [0x00000000eb380000,0x00000000ebac4468,0x00000000ef380000)
  from space 2560K, 0% used [0x00000000ef600000,0x00000000ef600000,0x00000000ef880000)
  to   space 2560K, 0% used [0x00000000ef380000,0x00000000ef380000,0x00000000ef600000)
 ParOldGen       total 63488K, used 23012K [0x00000000c1a00000, 0x00000000c5800000, 0x00000000eb380000)
  object space 63488K, 36% used [0x00000000c1a00000,0x00000000c3079068,0x00000000c5800000)
 Metaspace       used 19871K, capacity 21398K, committed 21504K, reserved 1067008K
  class space    used 2969K, capacity 3245K, committed 3328K, reserved 1048576K
GC Heap History (10 events):
Event: 1.388 GC heap before
{Heap before GC invocations=1 (full 0):
 PSYoungGen      total 18944K, used 16384K [0x00000000eb380000, 0x00000000ec880000, 0x0000000100000000)
  eden space 16384K, 100% used [0x00000000eb380000,0x00000000ec380000,0x00000000ec380000)
  from space 2560K, 0% used [0x00000000ec600000,0x00000000ec600000,0x00000000ec880000)
  to   space 2560K, 0% used [0x00000000ec380000,0x00000000ec380000,0x00000000ec600000)
 ParOldGen       total 44032K, used 0K [0x00000000c1a00000, 0x00000000c4500000, 0x00000000eb380000)
  object space 44032K, 0% used [0x00000000c1a00000,0x00000000c1a00000,0x00000000c4500000)
 Metaspace       used 9614K, capacity 10108K, committed 10240K, reserved 1058816K
  class space    used 1333K, capacity 1462K, committed 1536K, reserved 1048576K
Event: 1.423 GC heap after
Heap after GC invocations=1 (full 0):
 PSYoungGen      total 18944K, used 2530K [0x00000000eb380000, 0x00000000ed880000, 0x0000000100000000)
  eden space 16384K, 0% used [0x00000000eb380000,0x00000000eb380000,0x00000000ec380000)
  from space 2560K, 98% used [0x00000000ec380000,0x00000000ec5f88e0,0x00000000ec600000)
  to   space 2560K, 0% used [0x00000000ed600000,0x00000000ed600000,0x00000000ed880000)
 ParOldGen       total 44032K, used 64K [0x00000000c1a00000, 0x00000000c4500000, 0x00000000eb380000)
  object space 44032K, 0% used [0x00000000c1a00000,0x00000000c1a10000,0x00000000c4500000)
 Metaspace       used 9614K, capacity 10108K, committed 10240K, reserved 1058816K
  class space    used 1333K, capacity 1462K, committed 1536K, reserved 1048576K
}
Event: 2.658 GC heap before
{Heap before GC invocations=2 (full 0):
 PSYoungGen      total 18944K, used 18914K [0x00000000eb380000, 0x00000000ed880000, 0x0000000100000000)
  eden space 16384K, 100% used [0x00000000eb380000,0x00000000ec380000,0x00000000ec380000)
  from space 2560K, 98% used [0x00000000ec380000,0x00000000ec5f88e0,0x00000000ec600000)
  to   space 2560K, 0% used [0x00000000ed600000,0x00000000ed600000,0x00000000ed880000)
 ParOldGen       total 44032K, used 64K [0x00000000c1a00000, 0x00000000c4500000, 0x00000000eb380000)
  object space 44032K, 0% used [0x00000000c1a00000,0x00000000c1a10000,0x00000000c4500000)
 Metaspace       used 15462K, capacity 16484K, committed 16640K, reserved 1062912K
  class space    used 2319K, capacity 2527K, committed 2560K, reserved 1048576K
Event: 2.706 GC heap after
Heap after GC invocations=2 (full 0):
 PSYoungGen      total 35328K, used 2546K [0x00000000eb380000, 0x00000000ed880000, 0x0000000100000000)
  eden space 32768K, 0% used [0x00000000eb380000,0x00000000eb380000,0x00000000ed380000)
  from space 2560K, 99% used [0x00000000ed600000,0x00000000ed87c8d0,0x00000000ed880000)
  to   space 2560K, 0% used [0x00000000ed380000,0x00000000ed380000,0x00000000ed600000)
 ParOldGen       total 44032K, used 2502K [0x00000000c1a00000, 0x00000000c4500000, 0x00000000eb380000)
  object space 44032K, 5% used [0x00000000c1a00000,0x00000000c1c71830,0x00000000c4500000)
 Metaspace       used 15462K, capacity 16484K, committed 16640K, reserved 1062912K
  class space    used 2319K, capacity 2527K, committed 2560K, reserved 1048576K
}
Event: 6.352 GC heap before
{Heap before GC invocations=3 (full 0):
 PSYoungGen      total 35328K, used 35011K [0x00000000eb380000, 0x00000000ed880000, 0x0000000100000000)
  eden space 32768K, 99% used [0x00000000eb380000,0x00000000ed3346d0,0x00000000ed380000)
  from space 2560K, 99% used [0x00000000ed600000,0x00000000ed87c8d0,0x00000000ed880000)
  to   space 2560K, 0% used [0x00000000ed380000,0x00000000ed380000,0x00000000ed600000)
 ParOldGen       total 44032K, used 2502K [0x00000000c1a00000, 0x00000000c4500000, 0x00000000eb380000)
  object space 44032K, 5% used [0x00000000c1a00000,0x00000000c1c71830,0x00000000c4500000)
 Metaspace       used 19258K, capacity 20704K, committed 20864K, reserved 1067008K
  class space    used 2917K, capacity 3196K, committed 3200K, reserved 1048576K
Event: 6.371 GC heap after
Heap after GC invocations=3 (full 0):
 PSYoungGen      total 35328K, used 2528K [0x00000000eb380000, 0x00000000ef880000, 0x0000000100000000)
  eden space 32768K, 0% used [0x00000000eb380000,0x00000000eb380000,0x00000000ed380000)
  from space 2560K, 98% used [0x00000000ed380000,0x00000000ed5f8030,0x00000000ed600000)
  to   space 2560K, 0% used [0x00000000ef600000,0x00000000ef600000,0x00000000ef880000)
 ParOldGen       total 44032K, used 20088K [0x00000000c1a00000, 0x00000000c4500000, 0x00000000eb380000)
  object space 44032K, 45% used [0x00000000c1a00000,0x00000000c2d9e100,0x00000000c4500000)
 Metaspace       used 19258K, capacity 20704K, committed 20864K, reserved 1067008K
  class space    used 2917K, capacity 3196K, committed 3200K, reserved 1048576K
}
Event: 8.056 GC heap before
{Heap before GC invocations=4 (full 0):
 PSYoungGen      total 35328K, used 7741K [0x00000000eb380000, 0x00000000ef880000, 0x0000000100000000)
  eden space 32768K, 15% used [0x00000000eb380000,0x00000000eb8976b8,0x00000000ed380000)
  from space 2560K, 98% used [0x00000000ed380000,0x00000000ed5f8030,0x00000000ed600000)
  to   space 2560K, 0% used [0x00000000ef600000,0x00000000ef600000,0x00000000ef880000)
 ParOldGen       total 44032K, used 20088K [0x00000000c1a00000, 0x00000000c4500000, 0x00000000eb380000)
  object space 44032K, 45% used [0x00000000c1a00000,0x00000000c2d9e100,0x00000000c4500000)
 Metaspace       used 19671K, capacity 21132K, committed 21248K, reserved 1067008K
  class space    used 2956K, capacity 3232K, committed 3328K, reserved 1048576K
Event: 8.068 GC heap after
Heap after GC invocations=4 (full 0):
 PSYoungGen      total 68096K, used 2416K [0x00000000eb380000, 0x00000000ef880000, 0x0000000100000000)
  eden space 65536K, 0% used [0x00000000eb380000,0x00000000eb380000,0x00000000ef380000)
  from space 2560K, 94% used [0x00000000ef600000,0x00000000ef85c030,0x00000000ef880000)
  to   space 2560K, 0% used [0x00000000ef380000,0x00000000ef380000,0x00000000ef600000)
 ParOldGen       total 44032K, used 22012K [0x00000000c1a00000, 0x00000000c4500000, 0x00000000eb380000)
  object space 44032K, 49% used [0x00000000c1a00000,0x00000000c2f7f330,0x00000000c4500000)
 Metaspace       used 19671K, capacity 21132K, committed 21248K, reserved 1067008K
  class space    used 2956K, capacity 3232K, committed 3328K, reserved 1048576K
}
Event: 8.068 GC heap before
{Heap before GC invocations=5 (full 1):
 PSYoungGen      total 68096K, used 2416K [0x00000000eb380000, 0x00000000ef880000, 0x0000000100000000)
  eden space 65536K, 0% used [0x00000000eb380000,0x00000000eb380000,0x00000000ef380000)
  from space 2560K, 94% used [0x00000000ef600000,0x00000000ef85c030,0x00000000ef880000)
  to   space 2560K, 0% used [0x00000000ef380000,0x00000000ef380000,0x00000000ef600000)
 ParOldGen       total 44032K, used 22012K [0x00000000c1a00000, 0x00000000c4500000, 0x00000000eb380000)
  object space 44032K, 49% used [0x00000000c1a00000,0x00000000c2f7f330,0x00000000c4500000)
 Metaspace       used 19671K, capacity 21132K, committed 21248K, reserved 1067008K
  class space    used 2956K, capacity 3232K, committed 3328K, reserved 1048576K
Event: 8.168 GC heap after
Heap after GC invocations=5 (full 1):
 PSYoungGen      total 68096K, used 0K [0x00000000eb380000, 0x00000000ef880000, 0x0000000100000000)
  eden space 65536K, 0% used [0x00000000eb380000,0x00000000eb380000,0x00000000ef380000)
  from space 2560K, 0% used [0x00000000ef600000,0x00000000ef600000,0x00000000ef880000)
  to   space 2560K, 0% used [0x00000000ef380000,0x00000000ef380000,0x00000000ef600000)
 ParOldGen       total 63488K, used 23012K [0x00000000c1a00000, 0x00000000c5800000, 0x00000000eb380000)
  object space 63488K, 36% used [0x00000000c1a00000,0x00000000c3079068,0x00000000c5800000)
 Metaspace       used 19671K, capacity 21132K, committed 21248K, reserved 1067008K
  class space    used 2956K, capacity 3232K, committed 3328K, reserved 1048576K
}

