# JRE version: Java(TM) SE Runtime Environment (8.0_77-b03) (build 1.8.0_77-b03)
# Java VM: Java HotSpot(TM) 64-Bit Server VM (25.77-b03 mixed mode windows-amd64 compressed oops)
Heap:
 PSYoungGen      total 56832K, used 5195K [0x00000000eb380000, 0x00000000f0480000, 0x0000000100000000)
  eden space 54272K, 5% used [0x00000000eb380000,0x00000000eb66ac88,0x00000000ee880000)
  from space 2560K, 86% used [0x00000000f0200000,0x00000000f0428000,0x00000000f0480000)
  to   space 14336K, 0% used [0x00000000ee880000,0x00000000ee880000,0x00000000ef680000)
 ParOldGen       total 56320K, used 22699K [0x00000000c1a00000, 0x00000000c5100000, 0x00000000eb380000)
  object space 56320K, 40% used [0x00000000c1a00000,0x00000000c302ac38,0x00000000c5100000)
 Metaspace       used 20514K, capacity 22103K, committed 22272K, reserved 1069056K
  class space    used 2975K, capacity 3260K, committed 3328K, reserved 1048576K
GC Heap History (10 events):
Event: 8.204 GC heap before
{Heap before GC invocations=3 (full 0):
 PSYoungGen      total 18944K, used 14755K [0x00000000eb380000, 0x00000000ec880000, 0x0000000100000000)
  eden space 16384K, 74% used [0x00000000eb380000,0x00000000ebf6c608,0x00000000ec380000)
  from space 2560K, 99% used [0x00000000ec600000,0x00000000ec87c8d0,0x00000000ec880000)
  to   space 2560K, 0% used [0x00000000ec380000,0x00000000ec380000,0x00000000ec600000)
 ParOldGen       total 44032K, used 2528K [0x00000000c1a00000, 0x00000000c4500000, 0x00000000eb380000)
  object space 44032K, 5% used [0x00000000c1a00000,0x00000000c1c78358,0x00000000c4500000)
 Metaspace       used 16978K, capacity 18248K, committed 18304K, reserved 1064960K
  class space    used 2647K, capacity 2907K, committed 2944K, reserved 1048576K
Event: 8.240 GC heap after
Heap after GC invocations=3 (full 0):
 PSYoungGen      total 18944K, used 2547K [0x00000000eb380000, 0x00000000ed880000, 0x0000000100000000)
  eden space 16384K, 0% used [0x00000000eb380000,0x00000000eb380000,0x00000000ec380000)
  from space 2560K, 99% used [0x00000000ec380000,0x00000000ec5fcc70,0x00000000ec600000)
  to   space 2560K, 0% used [0x00000000ed600000,0x00000000ed600000,0x00000000ed880000)
 ParOldGen       total 44032K, used 9190K [0x00000000c1a00000, 0x00000000c4500000, 0x00000000eb380000)
  object space 44032K, 20% used [0x00000000c1a00000,0x00000000c22f9b40,0x00000000c4500000)
 Metaspace       used 16978K, capacity 18248K, committed 18304K, reserved 1064960K
  class space    used 2647K, capacity 2907K, committed 2944K, reserved 1048576K
}
Event: 25.708 GC heap before
{Heap before GC invocations=4 (full 0):
 PSYoungGen      total 18944K, used 18931K [0x00000000eb380000, 0x00000000ed880000, 0x0000000100000000)
  eden space 16384K, 100% used [0x00000000eb380000,0x00000000ec380000,0x00000000ec380000)
  from space 2560K, 99% used [0x00000000ec380000,0x00000000ec5fcc70,0x00000000ec600000)
  to   space 2560K, 0% used [0x00000000ed600000,0x00000000ed600000,0x00000000ed880000)
 ParOldGen       total 44032K, used 9190K [0x00000000c1a00000, 0x00000000c4500000, 0x00000000eb380000)
  object space 44032K, 20% used [0x00000000c1a00000,0x00000000c22f9b40,0x00000000c4500000)
 Metaspace       used 19140K, capacity 20578K, committed 20864K, reserved 1067008K
  class space    used 2870K, capacity 3146K, committed 3200K, reserved 1048576K
Event: 25.723 GC heap after
Heap after GC invocations=4 (full 0):
 PSYoungGen      total 35328K, used 2528K [0x00000000eb380000, 0x00000000ed880000, 0x0000000100000000)
  eden space 32768K, 0% used [0x00000000eb380000,0x00000000eb380000,0x00000000ed380000)
  from space 2560K, 98% used [0x00000000ed600000,0x00000000ed878030,0x00000000ed880000)
  to   space 2560K, 0% used [0x00000000ed380000,0x00000000ed380000,0x00000000ed600000)
 ParOldGen       total 44032K, used 19392K [0x00000000c1a00000, 0x00000000c4500000, 0x00000000eb380000)
  object space 44032K, 44% used [0x00000000c1a00000,0x00000000c2cf0270,0x00000000c4500000)
 Metaspace       used 19140K, capacity 20578K, committed 20864K, reserved 1067008K
  class space    used 2870K, capacity 3146K, committed 3200K, reserved 1048576K
}
Event: 29.527 GC heap before
{Heap before GC invocations=5 (full 0):
 PSYoungGen      total 35328K, used 12143K [0x00000000eb380000, 0x00000000ed880000, 0x0000000100000000)
  eden space 32768K, 29% used [0x00000000eb380000,0x00000000ebce3f10,0x00000000ed380000)
  from space 2560K, 98% used [0x00000000ed600000,0x00000000ed878030,0x00000000ed880000)
  to   space 2560K, 0% used [0x00000000ed380000,0x00000000ed380000,0x00000000ed600000)
 ParOldGen       total 44032K, used 19392K [0x00000000c1a00000, 0x00000000c4500000, 0x00000000eb380000)
  object space 44032K, 44% used [0x00000000c1a00000,0x00000000c2cf0270,0x00000000c4500000)
 Metaspace       used 19784K, capacity 21233K, committed 21296K, reserved 1067008K
  class space    used 2931K, capacity 3200K, committed 3200K, reserved 1048576K
Event: 29.539 GC heap after
Heap after GC invocations=5 (full 0):
 PSYoungGen      total 35328K, used 2544K [0x00000000eb380000, 0x00000000f1080000, 0x0000000100000000)
  eden space 32768K, 0% used [0x00000000eb380000,0x00000000eb380000,0x00000000ed380000)
  from space 2560K, 99% used [0x00000000ed380000,0x00000000ed5fc030,0x00000000ed600000)
  to   space 14848K, 0% used [0x00000000f0200000,0x00000000f0200000,0x00000000f1080000)
 ParOldGen       total 44032K, used 20718K [0x00000000c1a00000, 0x00000000c4500000, 0x00000000eb380000)
  object space 44032K, 47% used [0x00000000c1a00000,0x00000000c2e3bb30,0x00000000c4500000)
 Metaspace       used 19784K, capacity 21233K, committed 21296K, reserved 1067008K
  class space    used 2931K, capacity 3200K, committed 3200K, reserved 1048576K
}
Event: 29.540 GC heap before
{Heap before GC invocations=6 (full 1):
 PSYoungGen      total 35328K, used 2544K [0x00000000eb380000, 0x00000000f1080000, 0x0000000100000000)
  eden space 32768K, 0% used [0x00000000eb380000,0x00000000eb380000,0x00000000ed380000)
  from space 2560K, 99% used [0x00000000ed380000,0x00000000ed5fc030,0x00000000ed600000)
  to   space 14848K, 0% used [0x00000000f0200000,0x00000000f0200000,0x00000000f1080000)
 ParOldGen       total 44032K, used 20718K [0x00000000c1a00000, 0x00000000c4500000, 0x00000000eb380000)
  object space 44032K, 47% used [0x00000000c1a00000,0x00000000c2e3bb30,0x00000000c4500000)
 Metaspace       used 19784K, capacity 21233K, committed 21296K, reserved 1067008K
  class space    used 2931K, capacity 3200K, committed 3200K, reserved 1048576K
Event: 29.675 GC heap after
Heap after GC invocations=6 (full 1):
 PSYoungGen      total 35328K, used 0K [0x00000000eb380000, 0x00000000f1080000, 0x0000000100000000)
  eden space 32768K, 0% used [0x00000000eb380000,0x00000000eb380000,0x00000000ed380000)
  from space 2560K, 0% used [0x00000000ed380000,0x00000000ed380000,0x00000000ed600000)
  to   space 14848K, 0% used [0x00000000f0200000,0x00000000f0200000,0x00000000f1080000)
 ParOldGen       total 56320K, used 22691K [0x00000000c1a00000, 0x00000000c5100000, 0x00000000eb380000)
  object space 56320K, 40% used [0x00000000c1a00000,0x00000000c3028c38,0x00000000c5100000)
 Metaspace       used 19784K, capacity 21233K, committed 21296K, reserved 1067008K
  class space    used 2931K, capacity 3200K, committed 3200K, reserved 1048576K
}
Event: 38.941 GC heap before
{Heap before GC invocations=7 (full 1):
 PSYoungGen      total 35328K, used 32768K [0x00000000eb380000, 0x00000000f1080000, 0x0000000100000000)
  eden space 32768K, 100% used [0x00000000eb380000,0x00000000ed380000,0x00000000ed380000)
  from space 2560K, 0% used [0x00000000ed380000,0x00000000ed380000,0x00000000ed600000)
  to   space 14848K, 0% used [0x00000000f0200000,0x00000000f0200000,0x00000000f1080000)
 ParOldGen       total 56320K, used 22691K [0x00000000c1a00000, 0x00000000c5100000, 0x00000000eb380000)
  object space 56320K, 40% used [0x00000000c1a00000,0x00000000c3028c38,0x00000000c5100000)
 Metaspace       used 20455K, capacity 21975K, committed 22272K, reserved 1069056K
  class space    used 2973K, capacity 3260K, committed 3328K, reserved 1048576K
Event: 38.946 GC heap after
Heap after GC invocations=7 (full 1):
 PSYoungGen      total 56832K, used 2208K [0x00000000eb380000, 0x00000000f0480000, 0x0000000100000000)
  eden space 54272K, 0% used [0x00000000eb380000,0x00000000eb380000,0x00000000ee880000)
  from space 2560K, 86% used [0x00000000f0200000,0x00000000f0428000,0x00000000f0480000)
  to   space 14336K, 0% used [0x00000000ee880000,0x00000000ee880000,0x00000000ef680000)
 ParOldGen       total 56320K, used 22699K [0x00000000c1a00000, 0x00000000c5100000, 0x00000000eb380000)
  object space 56320K, 40% used [0x00000000c1a00000,0x00000000c302ac38,0x00000000c5100000)
 Metaspace       used 20455K, capacity 21975K, committed 22272K, reserved 1069056K
  class space    used 2973K, capacity 3260K, committed 3328K, reserved 1048576K
}

