# JRE version: Java(TM) SE Runtime Environment (8.0_77-b03) (build 1.8.0_77-b03)
# Java VM: Java HotSpot(TM) 64-Bit Server VM (25.77-b03 mixed mode windows-amd64 compressed oops)
Heap:
 PSYoungGen      total 35328K, used 2556K [0x00000000eb380000, 0x00000000f0f80000, 0x0000000100000000)
  eden space 32768K, 7% used [0x00000000eb380000,0x00000000eb5ff298,0x00000000ed380000)
  from space 2560K, 0% used [0x00000000ed380000,0x00000000ed380000,0x00000000ed600000)
  to   space 14336K, 0% used [0x00000000f0180000,0x00000000f0180000,0x00000000f0f80000)
 ParOldGen       total 62464K, used 23756K [0x00000000c1a00000, 0x00000000c5700000, 0x00000000eb380000)
  object space 62464K, 38% used [0x00000000c1a00000,0x00000000c3133050,0x00000000c5700000)
 Metaspace       used 19837K, capacity 21398K, committed 21552K, reserved 1067008K
  class space    used 2968K, capacity 3245K, committed 3328K, reserved 1048576K
GC Heap History (10 events):
Event: 1.586 GC heap before
{Heap before GC invocations=2 (full 0):
 PSYoungGen      total 18944K, used 18930K [0x00000000eb380000, 0x00000000ec880000, 0x0000000100000000)
  eden space 16384K, 100% used [0x00000000eb380000,0x00000000ec380000,0x00000000ec380000)
  from space 2560K, 99% used [0x00000000ec380000,0x00000000ec5fc8d0,0x00000000ec600000)
  to   space 2560K, 0% used [0x00000000ec600000,0x00000000ec600000,0x00000000ec880000)
 ParOldGen       total 44032K, used 72K [0x00000000c1a00000, 0x00000000c4500000, 0x00000000eb380000)
  object space 44032K, 0% used [0x00000000c1a00000,0x00000000c1a12000,0x00000000c4500000)
 Metaspace       used 15501K, capacity 16528K, committed 16640K, reserved 1062912K
  class space    used 2323K, capacity 2559K, committed 2560K, reserved 1048576K
Event: 1.607 GC heap after
Heap after GC invocations=2 (full 0):
 PSYoungGen      total 18944K, used 2530K [0x00000000eb380000, 0x00000000ed880000, 0x0000000100000000)
  eden space 16384K, 0% used [0x00000000eb380000,0x00000000eb380000,0x00000000ec380000)
  from space 2560K, 98% used [0x00000000ec600000,0x00000000ec8788c0,0x00000000ec880000)
  to   space 2560K, 0% used [0x00000000ec380000,0x00000000ec380000,0x00000000ec600000)
 ParOldGen       total 44032K, used 2536K [0x00000000c1a00000, 0x00000000c4500000, 0x00000000eb380000)
  object space 44032K, 5% used [0x00000000c1a00000,0x00000000c1c7a050,0x00000000c4500000)
 Metaspace       used 15501K, capacity 16528K, committed 16640K, reserved 1062912K
  class space    used 2323K, capacity 2559K, committed 2560K, reserved 1048576K
}
Event: 1.934 GC heap before
{Heap before GC invocations=3 (full 0):
 PSYoungGen      total 18944K, used 14435K [0x00000000eb380000, 0x00000000ed880000, 0x0000000100000000)
  eden space 16384K, 72% used [0x00000000eb380000,0x00000000ebf20428,0x00000000ec380000)
  from space 2560K, 98% used [0x00000000ec600000,0x00000000ec8788c0,0x00000000ec880000)
  to   space 2560K, 0% used [0x00000000ec380000,0x00000000ec380000,0x00000000ec600000)
 ParOldGen       total 44032K, used 2536K [0x00000000c1a00000, 0x00000000c4500000, 0x00000000eb380000)
  object space 44032K, 5% used [0x00000000c1a00000,0x00000000c1c7a050,0x00000000c4500000)
 Metaspace       used 16976K, capacity 18248K, committed 18304K, reserved 1064960K
  class space    used 2646K, capacity 2907K, committed 2944K, reserved 1048576K
Event: 1.942 GC heap after
Heap after GC invocations=3 (full 0):
 PSYoungGen      total 18944K, used 2530K [0x00000000eb380000, 0x00000000ed880000, 0x0000000100000000)
  eden space 16384K, 0% used [0x00000000eb380000,0x00000000eb380000,0x00000000ec380000)
  from space 2560K, 98% used [0x00000000ec380000,0x00000000ec5f88c0,0x00000000ec600000)
  to   space 2560K, 0% used [0x00000000ed600000,0x00000000ed600000,0x00000000ed880000)
 ParOldGen       total 44032K, used 9166K [0x00000000c1a00000, 0x00000000c4500000, 0x00000000eb380000)
  object space 44032K, 20% used [0x00000000c1a00000,0x00000000c22f3be8,0x00000000c4500000)
 Metaspace       used 16976K, capacity 18248K, committed 18304K, reserved 1064960K
  class space    used 2646K, capacity 2907K, committed 2944K, reserved 1048576K
}
Event: 3.814 GC heap before
{Heap before GC invocations=4 (full 0):
 PSYoungGen      total 18944K, used 18914K [0x00000000eb380000, 0x00000000ed880000, 0x0000000100000000)
  eden space 16384K, 100% used [0x00000000eb380000,0x00000000ec380000,0x00000000ec380000)
  from space 2560K, 98% used [0x00000000ec380000,0x00000000ec5f88c0,0x00000000ec600000)
  to   space 2560K, 0% used [0x00000000ed600000,0x00000000ed600000,0x00000000ed880000)
 ParOldGen       total 44032K, used 9166K [0x00000000c1a00000, 0x00000000c4500000, 0x00000000eb380000)
  object space 44032K, 20% used [0x00000000c1a00000,0x00000000c22f3be8,0x00000000c4500000)
 Metaspace       used 19020K, capacity 20414K, committed 20608K, reserved 1067008K
  class space    used 2888K, capacity 3178K, committed 3200K, reserved 1048576K
Event: 3.824 GC heap after
Heap after GC invocations=4 (full 0):
 PSYoungGen      total 35328K, used 2546K [0x00000000eb380000, 0x00000000ed880000, 0x0000000100000000)
  eden space 32768K, 0% used [0x00000000eb380000,0x00000000eb380000,0x00000000ed380000)
  from space 2560K, 99% used [0x00000000ed600000,0x00000000ed87c8d0,0x00000000ed880000)
  to   space 2560K, 0% used [0x00000000ed380000,0x00000000ed380000,0x00000000ed600000)
 ParOldGen       total 44032K, used 19508K [0x00000000c1a00000, 0x00000000c4500000, 0x00000000eb380000)
  object space 44032K, 44% used [0x00000000c1a00000,0x00000000c2d0d338,0x00000000c4500000)
 Metaspace       used 19020K, capacity 20414K, committed 20608K, reserved 1067008K
  class space    used 2888K, capacity 3178K, committed 3200K, reserved 1048576K
}
Event: 5.232 GC heap before
{Heap before GC invocations=5 (full 0):
 PSYoungGen      total 35328K, used 15510K [0x00000000eb380000, 0x00000000ed880000, 0x0000000100000000)
  eden space 32768K, 39% used [0x00000000eb380000,0x00000000ec029028,0x00000000ed380000)
  from space 2560K, 99% used [0x00000000ed600000,0x00000000ed87c8d0,0x00000000ed880000)
  to   space 2560K, 0% used [0x00000000ed380000,0x00000000ed380000,0x00000000ed600000)
 ParOldGen       total 44032K, used 19508K [0x00000000c1a00000, 0x00000000c4500000, 0x00000000eb380000)
  object space 44032K, 44% used [0x00000000c1a00000,0x00000000c2d0d338,0x00000000c4500000)
 Metaspace       used 19700K, capacity 21206K, committed 21296K, reserved 1067008K
  class space    used 2963K, capacity 3245K, committed 3328K, reserved 1048576K
Event: 5.261 GC heap after
Heap after GC invocations=5 (full 0):
 PSYoungGen      total 35328K, used 2546K [0x00000000eb380000, 0x00000000f0f80000, 0x0000000100000000)
  eden space 32768K, 0% used [0x00000000eb380000,0x00000000eb380000,0x00000000ed380000)
  from space 2560K, 99% used [0x00000000ed380000,0x00000000ed5fc8d0,0x00000000ed600000)
  to   space 14336K, 0% used [0x00000000f0180000,0x00000000f0180000,0x00000000f0f80000)
 ParOldGen       total 44032K, used 21791K [0x00000000c1a00000, 0x00000000c4500000, 0x00000000eb380000)
  object space 44032K, 49% used [0x00000000c1a00000,0x00000000c2f47fb8,0x00000000c4500000)
 Metaspace       used 19700K, capacity 21206K, committed 21296K, reserved 1067008K
  class space    used 2963K, capacity 3245K, committed 3328K, reserved 1048576K
}
Event: 5.261 GC heap before
{Heap before GC invocations=6 (full 1):
 PSYoungGen      total 35328K, used 2546K [0x00000000eb380000, 0x00000000f0f80000, 0x0000000100000000)
  eden space 32768K, 0% used [0x00000000eb380000,0x00000000eb380000,0x00000000ed380000)
  from space 2560K, 99% used [0x00000000ed380000,0x00000000ed5fc8d0,0x00000000ed600000)
  to   space 14336K, 0% used [0x00000000f0180000,0x00000000f0180000,0x00000000f0f80000)
 ParOldGen       total 44032K, used 21791K [0x00000000c1a00000, 0x00000000c4500000, 0x00000000eb380000)
  object space 44032K, 49% used [0x00000000c1a00000,0x00000000c2f47fb8,0x00000000c4500000)
 Metaspace       used 19700K, capacity 21206K, committed 21296K, reserved 1067008K
  class space    used 2963K, capacity 3245K, committed 3328K, reserved 1048576K
Event: 5.410 GC heap after
Heap after GC invocations=6 (full 1):
 PSYoungGen      total 35328K, used 0K [0x00000000eb380000, 0x00000000f0f80000, 0x0000000100000000)
  eden space 32768K, 0% used [0x00000000eb380000,0x00000000eb380000,0x00000000ed380000)
  from space 2560K, 0% used [0x00000000ed380000,0x00000000ed380000,0x00000000ed600000)
  to   space 14336K, 0% used [0x00000000f0180000,0x00000000f0180000,0x00000000f0f80000)
 ParOldGen       total 62464K, used 23756K [0x00000000c1a00000, 0x00000000c5700000, 0x00000000eb380000)
  object space 62464K, 38% used [0x00000000c1a00000,0x00000000c3133050,0x00000000c5700000)
 Metaspace       used 19700K, capacity 21206K, committed 21296K, reserved 1067008K
  class space    used 2963K, capacity 3245K, committed 3328K, reserved 1048576K
}

